<?xml version="1.0" encoding="UTF-8"?>
<testsuite name="com.bl.UserValidationExceptionTest" tests="1" skipped="0" failures="0" errors="0" timestamp="2021-10-10T04:51:42" hostname="KAJAL-PC" time="0.042">
  <properties/>
  <testcase name="firstName()" classname="com.bl.UserValidationExceptionTest" time="0.042"/>
  <system-out><![CDATA[
]]></system-out>
  <system-err><![CDATA[]]></system-err>
</testsuite>
